<?xml version="1.0" encoding="UTF-8" ?>
<testsuite errors="0" skipped="0" tests="3" time="0.492" failures="0" name="org.synyx.jmite.ProjectsIntegrationTest">
  <properties>
    <property value="Apple Inc." name="java.vendor"/>
    <property value="/Users/olivergierke/.m2/repository" name="localRepository"/>
    <property value="SUN_STANDARD" name="sun.java.launcher"/>
    <property value="HotSpot Client Compiler" name="sun.management.compiler"/>
    <property value="Mac OS X" name="os.name"/>
    <property value="/System/Library/Frameworks/JavaVM.framework/Versions/1.5.0/Classes/classes.jar:/System/Library/Frameworks/JavaVM.framework/Versions/1.5.0/Classes/ui.jar:/System/Library/Frameworks/JavaVM.framework/Versions/1.5.0/Classes/laf.jar:/System/Library/Frameworks/JavaVM.framework/Versions/1.5.0/Classes/sunrsasign.jar:/System/Library/Frameworks/JavaVM.framework/Versions/1.5.0/Classes/jsse.jar:/System/Library/Frameworks/JavaVM.framework/Versions/1.5.0/Classes/jce.jar:/System/Library/Frameworks/JavaVM.framework/Versions/1.5.0/Classes/charsets.jar" name="sun.boot.class.path"/>
    <property value="/var/folders/pM/pMiDtflBHwGXrI8njdh15k+++TI/-Tmp-/" name="env.TMPDIR"/>
    <property value="/Users/olivergierke/Documents/workspace34/org.synyx.jmite" name="env.PWD"/>
    <property value="de_DE.UTF-8" name="env.LANG"/>
    <property value="Sun Microsystems Inc." name="java.vm.specification.vendor"/>
    <property value="1.5.0_19-b02-298" name="java.runtime.version"/>
    <property value="/tmp/launch-XEx7NB/Render" name="env.Apple_PubSub_Socket_Render"/>
    <property value="/tmp/launch-ev8eY4/:0" name="env.DISPLAY"/>
    <property value="olivergierke" name="user.name"/>
    <property value="olivergierke" name="env.USER"/>
    <property value="/bin/bash" name="env.SHELL"/>
    <property value="0x1F5:0:3" name="env.__CF_USER_TEXT_ENCODING"/>
    <property value="true" name="awt.nativeDoubleBuffering"/>
    <property value="/usr/bin:/bin:/usr/sbin:/sbin:/usr/local/bin:/usr/X11/bin:/usr/local/git/bin:/Applications/Tools/bundlor/bin:/Applications/Tools/grails/bin:/Applications/Tools/pax-construct-1.4/bin" name="env.PATH"/>
    <property value="de" name="user.language"/>
    <property value="/System/Library/Frameworks/JavaVM.framework/Versions/1.5.0/Libraries" name="sun.boot.library.path"/>
    <property value="/usr/share/maven/bin/m2.conf" name="classworlds.conf"/>
    <property value="true" name="maven.surefire.debug"/>
    <property value="1.5.0_19" name="java.version"/>
    <property value="Europe/Berlin" name="user.timezone"/>
    <property value="32" name="sun.arch.data.model"/>
    <property value="local|*.local|169.254/16|*.169.254/16" name="http.nonProxyHosts"/>
    <property value="/System/Library/Frameworks/JavaVM.framework/Versions/1.5.0/Home/lib/endorsed" name="java.endorsed.dirs"/>
    <property value="org.codehaus.classworlds.Launcher" name="env.JAVA_MAIN_CLASS_5290"/>
    <property value="" name="sun.cpu.isalist"/>
    <property value="MacRoman" name="sun.jnu.encoding"/>
    <property value="sun.io" name="file.encoding.pkg"/>
    <property value="1" name="env.SHLVL"/>
    <property value="/" name="file.separator"/>
    <property value="Java Platform API Specification" name="java.specification.name"/>
    <property value="49.0" name="java.class.version"/>
    <property value="DE" name="user.country"/>
    <property value="/System/Library/Frameworks/JavaVM.framework/Versions/1.5.0/Home" name="java.home"/>
    <property value="mixed mode" name="java.vm.info"/>
    <property value="olivergierke" name="env.LOGNAME"/>
    <property value="10.5.7" name="os.version"/>
    <property value="240.2" name="env.TERM_PROGRAM_VERSION"/>
    <property value=":" name="path.separator"/>
    <property value="1.5.0_16-135" name="java.vm.version"/>
    <property value="apple.awt.CPrinterJob" name="java.awt.printerjob"/>
    <property value="xterm-color" name="env.TERM"/>
    <property value="UnicodeLittle" name="sun.io.unicode.encoding"/>
    <property value="apple.awt.CToolkit" name="awt.toolkit"/>
    <property value="local|*.local|169.254/16|*.169.254/16" name="socksNonProxyHosts"/>
    <property value="local|*.local|169.254/16|*.169.254/16" name="ftp.nonProxyHosts"/>
    <property value="/usr/share/man:/usr/local/share/man:/usr/X11/man:/usr/local/git/man" name="env.MANPATH"/>
    <property value="/Users/olivergierke" name="user.home"/>
    <property value="/Users/olivergierke/Documents/workspace34/org.synyx.jmite" name="env.OLDPWD"/>
    <property value="Sun Microsystems Inc." name="java.specification.vendor"/>
    <property value="Apple_Terminal" name="env.TERM_PROGRAM"/>
    <property value=".:/Library/Java/Extensions:/System/Library/Java/Extensions:/usr/lib/java" name="java.library.path"/>
    <property value="http://www.apple.com/" name="java.vendor.url"/>
    <property value="Apple Inc." name="java.vm.vendor"/>
    <property value="false" name="gopherProxySet"/>
    <property value="/usr/share/maven" name="maven.home"/>
    <property value="Java(TM) 2 Runtime Environment, Standard Edition" name="java.runtime.name"/>
    <property value="/usr/share/maven/boot/classworlds-1.1.jar" name="java.class.path"/>
    <property value="Java Virtual Machine Specification" name="java.vm.specification.name"/>
    <property value="1.0" name="java.vm.specification.version"/>
    <property value="little" name="sun.cpu.endian"/>
    <property value="unknown" name="sun.os.patch.level"/>
    <property value="/Users/olivergierke" name="env.HOME"/>
    <property value="/Users/olivergierke/Documents/workspace34/org.synyx.jmite/target/test-classes:/Users/olivergierke/Documents/workspace34/org.synyx.jmite/target/classes:/Users/olivergierke/.m2/repository/org/springframework/org.springframework.web/3.0.0.M3/org.springframework.web-3.0.0.M3.jar:/Users/olivergierke/.m2/repository/org/aopalliance/com.springsource.org.aopalliance/1.0.0/com.springsource.org.aopalliance-1.0.0.jar:/Users/olivergierke/.m2/repository/org/apache/commons/com.springsource.org.apache.commons.logging/1.1.1/com.springsource.org.apache.commons.logging-1.1.1.jar:/Users/olivergierke/.m2/repository/org/springframework/org.springframework.aop/3.0.0.M3/org.springframework.aop-3.0.0.M3.jar:/Users/olivergierke/.m2/repository/org/springframework/org.springframework.beans/3.0.0.M3/org.springframework.beans-3.0.0.M3.jar:/Users/olivergierke/.m2/repository/org/springframework/org.springframework.core/3.0.0.M3/org.springframework.core-3.0.0.M3.jar:/Users/olivergierke/.m2/repository/org/springframework/org.springframework.context/3.0.0.M3/org.springframework.context-3.0.0.M3.jar:/Users/olivergierke/.m2/repository/org/springframework/org.springframework.asm/3.0.0.M3/org.springframework.asm-3.0.0.M3.jar:/Users/olivergierke/.m2/repository/org/springframework/org.springframework.expression/3.0.0.M3/org.springframework.expression-3.0.0.M3.jar:/Users/olivergierke/.m2/repository/org/antlr/com.springsource.org.antlr/3.0.1/com.springsource.org.antlr-3.0.1.jar:/Users/olivergierke/.m2/repository/org/springframework/org.springframework.oxm/3.0.0.M3/org.springframework.oxm-3.0.0.M3.jar:/Users/olivergierke/.m2/repository/javax/xml/bind/jaxb-api/2.1/jaxb-api-2.1.jar:/Users/olivergierke/.m2/repository/javax/xml/stream/stax-api/1.0-2/stax-api-1.0-2.jar:/Users/olivergierke/.m2/repository/javax/activation/activation/1.1/activation-1.1.jar:/Users/olivergierke/.m2/repository/com/sun/xml/bind/jaxb-impl/2.1.10/jaxb-impl-2.1.10.jar:/Users/olivergierke/.m2/repository/commons-httpclient/commons-httpclient/3.1/commons-httpclient-3.1.jar:/Users/olivergierke/.m2/repository/commons-logging/commons-logging/1.0.4/commons-logging-1.0.4.jar:/Users/olivergierke/.m2/repository/commons-codec/commons-codec/1.2/commons-codec-1.2.jar:/Users/olivergierke/.m2/repository/joda-time/joda-time/1.6/joda-time-1.6.jar:/Users/olivergierke/.m2/repository/org/springframework/org.springframework.test/3.0.0.M3/org.springframework.test-3.0.0.M3.jar:/Users/olivergierke/.m2/repository/junit/junit/4.5/junit-4.5.jar:/Users/olivergierke/.m2/repository/org/apache/log4j/com.springsource.org.apache.log4j/1.2.15/com.springsource.org.apache.log4j-1.2.15.jar:/Users/olivergierke/.m2/repository/com/thoughtworks/xstream/xstream/1.3.1/xstream-1.3.1.jar:/Users/olivergierke/.m2/repository/xpp3/xpp3_min/1.1.4c/xpp3_min-1.1.4c.jar:/Users/olivergierke/.m2/repository/org/codehaus/jettison/jettison/1.1/jettison-1.1.jar:/Users/olivergierke/.m2/repository/stax/stax-api/1.0.1/stax-api-1.0.1.jar:" name="surefire.test.class.path"/>
    <property value="/var/folders/pM/pMiDtflBHwGXrI8njdh15k+++TI/-Tmp-/" name="java.io.tmpdir"/>
    <property value="http://bugreport.apple.com/" name="java.vendor.url.bug"/>
    <property value="-Xmx256m" name="env.MAVEN_OPTS"/>
    <property value="/tmp/launch-AUS979/Listeners" name="env.SSH_AUTH_SOCK"/>
    <property value="unix2003" name="env.COMMAND_MODE"/>
    <property value="apple.awt.CGraphicsEnvironment" name="java.awt.graphicsenv"/>
    <property value="i386" name="os.arch"/>
    <property value="/Library/Java/Extensions:/System/Library/Java/Extensions:/System/Library/Frameworks/JavaVM.framework/Versions/1.5.0/Home/lib/ext" name="java.ext.dirs"/>
    <property value="/Users/olivergierke/Documents/workspace34/org.synyx.jmite" name="user.dir"/>
    <property value="1050.1.5.0_19-298" name="mrj.version"/>
    <property value="
" name="line.separator"/>
    <property value="Java HotSpot(TM) Client VM" name="java.vm.name"/>
    <property value="/Users/olivergierke/Documents/workspace34/org.synyx.jmite" name="basedir"/>
    <property value="MacRoman" name="file.encoding"/>
    <property value="/Applications/Tools/grails" name="env.GRAILS_HOME"/>
    <property value="1.5" name="java.specification.version"/>
  </properties>
  <testcase classname="org.synyx.jmite.ProjectsIntegrationTest" time="0.124" name="all"/>
  <testcase classname="org.synyx.jmite.ProjectsIntegrationTest" time="0.24" name="single"/>
  <testcase classname="org.synyx.jmite.ProjectsIntegrationTest" time="0.121" name="getInvalidResource"/>
</testsuite>